<?xml version="1.0" encoding="UTF-8"?>
<testsuite name="com.rajim.springbootelasticsearch.SpringBootElasticSearchApplicationTests" tests="1" skipped="0" failures="0" errors="0" timestamp="2018-10-12T06:49:58" hostname="rajim" time="0.152">
  <properties/>
  <testcase name="contextLoads" classname="com.rajim.springbootelasticsearch.SpringBootElasticSearchApplicationTests" time="0.152"/>
  <system-out><![CDATA[
  .   ____          _            __ _ _
 /\\ / ___'_ __ _ _(_)_ __  __ _ \ \ \ \
( ( )\___ | '_ | '_| | '_ \/ _` | \ \ \ \
 \\/  ___)| |_)| | | | | || (_| |  ) ) ) )
  '  |____| .__|_| |_|_| |_\__, | / / / /
 =========|_|==============|___/=/_/_/_/
 :: Spring Boot ::        (v2.0.5.RELEASE)

2018-10-12 12:34:56.119  INFO 9441 --- [    Test worker] .SpringBootElasticSearchApplicationTests : Starting SpringBootElasticSearchApplicationTests on rajim with PID 9441 (started by rajim in /home/rajim/MyProjects/spring-boot-elastic-search)
2018-10-12 12:34:56.128  INFO 9441 --- [    Test worker] .SpringBootElasticSearchApplicationTests : No active profile set, falling back to default profiles: default
2018-10-12 12:34:56.178  INFO 9441 --- [    Test worker] o.s.w.c.s.GenericWebApplicationContext   : Refreshing org.springframework.web.context.support.GenericWebApplicationContext@4271d68f: startup date [Fri Oct 12 12:34:56 NPT 2018]; root of context hierarchy
2018-10-12 12:34:58.191  INFO 9441 --- [    Test worker] o.s.w.s.handler.SimpleUrlHandlerMapping  : Mapped URL path [/**/favicon.ico] onto handler of type [class org.springframework.web.servlet.resource.ResourceHttpRequestHandler]
2018-10-12 12:34:58.352  INFO 9441 --- [    Test worker] s.w.s.m.m.a.RequestMappingHandlerAdapter : Looking for @ControllerAdvice: org.springframework.web.context.support.GenericWebApplicationContext@4271d68f: startup date [Fri Oct 12 12:34:56 NPT 2018]; root of context hierarchy
2018-10-12 12:34:58.464  INFO 9441 --- [    Test worker] s.w.s.m.m.a.RequestMappingHandlerMapping : Mapped "{[/book/{id}],methods=[GET]}" onto public java.util.Map<java.lang.String, java.lang.Object> com.rajim.springbootelasticsearch.controller.BookController.getBookById(java.lang.String)
2018-10-12 12:34:58.466  INFO 9441 --- [    Test worker] s.w.s.m.m.a.RequestMappingHandlerMapping : Mapped "{[/book],methods=[POST]}" onto public com.rajim.springbootelasticsearch.entity.Book com.rajim.springbootelasticsearch.controller.BookController.insertBook(com.rajim.springbootelasticsearch.entity.Book) throws java.lang.Exception
2018-10-12 12:34:58.467  INFO 9441 --- [    Test worker] s.w.s.m.m.a.RequestMappingHandlerMapping : Mapped "{[/book/{id}],methods=[PUT]}" onto public java.util.Map<java.lang.String, java.lang.Object> com.rajim.springbootelasticsearch.controller.BookController.updateBookById(com.rajim.springbootelasticsearch.entity.Book,java.lang.String)
2018-10-12 12:34:58.468  INFO 9441 --- [    Test worker] s.w.s.m.m.a.RequestMappingHandlerMapping : Mapped "{[/book/{id}],methods=[DELETE]}" onto public void com.rajim.springbootelasticsearch.controller.BookController.deleteBookById(java.lang.String)
2018-10-12 12:34:58.473  INFO 9441 --- [    Test worker] s.w.s.m.m.a.RequestMappingHandlerMapping : Mapped "{[/error],produces=[text/html]}" onto public org.springframework.web.servlet.ModelAndView org.springframework.boot.autoconfigure.web.servlet.error.BasicErrorController.errorHtml(javax.servlet.http.HttpServletRequest,javax.servlet.http.HttpServletResponse)
2018-10-12 12:34:58.473  INFO 9441 --- [    Test worker] s.w.s.m.m.a.RequestMappingHandlerMapping : Mapped "{[/error]}" onto public org.springframework.http.ResponseEntity<java.util.Map<java.lang.String, java.lang.Object>> org.springframework.boot.autoconfigure.web.servlet.error.BasicErrorController.error(javax.servlet.http.HttpServletRequest)
2018-10-12 12:34:58.517  INFO 9441 --- [    Test worker] o.s.w.s.handler.SimpleUrlHandlerMapping  : Mapped URL path [/webjars/**] onto handler of type [class org.springframework.web.servlet.resource.ResourceHttpRequestHandler]
2018-10-12 12:34:58.517  INFO 9441 --- [    Test worker] o.s.w.s.handler.SimpleUrlHandlerMapping  : Mapped URL path [/**] onto handler of type [class org.springframework.web.servlet.resource.ResourceHttpRequestHandler]
2018-10-12 12:34:58.812  INFO 9441 --- [    Test worker] .SpringBootElasticSearchApplicationTests : Started SpringBootElasticSearchApplicationTests in 3.03 seconds (JVM running for 4.483)
]]></system-out>
  <system-err><![CDATA[Oct 12, 2018 12:34:55 PM org.springframework.boot.test.context.SpringBootTestContextBootstrapper buildDefaultMergedContextConfiguration
INFO: Neither @ContextConfiguration nor @ContextHierarchy found for test class [com.rajim.springbootelasticsearch.SpringBootElasticSearchApplicationTests], using SpringBootContextLoader
Oct 12, 2018 12:34:55 PM org.springframework.test.context.support.AbstractContextLoader generateDefaultLocations
INFO: Could not detect default resource locations for test class [com.rajim.springbootelasticsearch.SpringBootElasticSearchApplicationTests]: no resource found for suffixes {-context.xml, Context.groovy}.
Oct 12, 2018 12:34:55 PM org.springframework.test.context.support.AnnotationConfigContextLoaderUtils detectDefaultConfigurationClasses
INFO: Could not detect default configuration classes for test class [com.rajim.springbootelasticsearch.SpringBootElasticSearchApplicationTests]: SpringBootElasticSearchApplicationTests does not declare any static, non-private, non-final, nested classes annotated with @Configuration.
Oct 12, 2018 12:34:55 PM org.springframework.boot.test.context.SpringBootTestContextBootstrapper getOrFindConfigurationClasses
INFO: Found @SpringBootConfiguration com.rajim.springbootelasticsearch.SpringBootElasticSearchApplication for test class com.rajim.springbootelasticsearch.SpringBootElasticSearchApplicationTests
Oct 12, 2018 12:34:55 PM org.springframework.boot.test.context.SpringBootTestContextBootstrapper getDefaultTestExecutionListenerClassNames
INFO: Loaded default TestExecutionListener class names from location [META-INF/spring.factories]: [org.springframework.boot.test.autoconfigure.restdocs.RestDocsTestExecutionListener, org.springframework.boot.test.autoconfigure.web.client.MockRestServiceServerResetTestExecutionListener, org.springframework.boot.test.autoconfigure.web.servlet.MockMvcPrintOnlyOnFailureTestExecutionListener, org.springframework.boot.test.autoconfigure.web.servlet.WebDriverTestExecutionListener, org.springframework.boot.test.mock.mockito.MockitoTestExecutionListener, org.springframework.boot.test.mock.mockito.ResetMocksTestExecutionListener, org.springframework.test.context.web.ServletTestExecutionListener, org.springframework.test.context.support.DirtiesContextBeforeModesTestExecutionListener, org.springframework.test.context.support.DependencyInjectionTestExecutionListener, org.springframework.test.context.support.DirtiesContextTestExecutionListener, org.springframework.test.context.transaction.TransactionalTestExecutionListener, org.springframework.test.context.jdbc.SqlScriptsTestExecutionListener]
Oct 12, 2018 12:34:55 PM org.springframework.boot.test.context.SpringBootTestContextBootstrapper getTestExecutionListeners
INFO: Using TestExecutionListeners: [org.springframework.test.context.web.ServletTestExecutionListener@3f5dd988, org.springframework.test.context.support.DirtiesContextBeforeModesTestExecutionListener@151b3b2d, org.springframework.boot.test.mock.mockito.MockitoTestExecutionListener@67683f53, org.springframework.boot.test.autoconfigure.SpringBootDependencyInjectionTestExecutionListener@a0c485a, org.springframework.test.context.support.DirtiesContextTestExecutionListener@5b4c510a, org.springframework.boot.test.autoconfigure.restdocs.RestDocsTestExecutionListener@1742cb1d, org.springframework.boot.test.autoconfigure.web.client.MockRestServiceServerResetTestExecutionListener@31f6ec01, org.springframework.boot.test.autoconfigure.web.servlet.MockMvcPrintOnlyOnFailureTestExecutionListener@59502cfd, org.springframework.boot.test.autoconfigure.web.servlet.WebDriverTestExecutionListener@60ade2dc, org.springframework.boot.test.mock.mockito.ResetMocksTestExecutionListener@6136d7f7]
]]></system-err>
</testsuite>
